nohup: ignoring input
INFO:pyGeoMatchImm.data.datasets:Sample IDs: ('VDJdb28547', 'VDJdb581', 'VDJdb2977_VDJdb138', 'VDJdb318_VDJdb663', 'VDJdb22040_VDJdb1724', 'VDJdb13512_VDJdb273', 'VDJdb8098_VDJdb252', 'VDJdb705', 'VDJdb139_VDJdb108', 'VDJdb12143_VDJdb70')
INFO:pyGeoMatchImm.data.datasets:Sample Labels: (tensor([1.]), tensor([1.]), tensor([0.]), tensor([0.]), tensor([0.]), tensor([0.]), tensor([0.]), tensor([1.]), tensor([0.]), tensor([0.]))
INFO:pyGeoMatchImm.data.datasets:Sample Peptides: ('GILGFVFTL', 'YLQPRTFLL', 'GILGFVFTL', 'SPRWYFYYL', 'GILGFVFTL', 'GILGFVFTL', 'GILGFVFTL', 'GILGFVFTL', 'GILGFVFTL', 'GILGFVFTL')
INFO:pyGeoMatchImm.utils.utils:Starting data validation...
INFO:pyGeoMatchImm.utils.utils:Validation passed!
INFO:root:Running architecture: GIN_cn1_ce1
INFO:pyGeoMatchImm.train.train:Cross-validation on top 5 peptides with frequency range [0.005, 0.1]...
INFO:pyGeoMatchImm.train.train:Using batch size: 32
INFO:pyGeoMatchImm.train.train:Peptide frequencies: [('GILGFVFTL', 0.4659498207885305), ('KLGGALQAK', 0.13918757467144563), ('SPRWYFYYL', 0.05316606929510155), ('YLQPRTFLL', 0.035842293906810034), ('RAKFKQLL', 0.024492234169653525), ('AVFDRKSDAK', 0.01971326164874552), ('LLWNGPMAV', 0.014934289127837515), ('ELAGIGILTV', 0.011947431302270013), ('QYIKWPWYI', 0.007765830346475508), ('IVTDFSVIK', 0.006571087216248507)] ...
INFO:pyGeoMatchImm.train.train:Total unique peptides: 233
INFO:pyGeoMatchImm.train.train:Selected top 5 peptides for cross-validation: ['SPRWYFYYL', 'YLQPRTFLL', 'RAKFKQLL', 'AVFDRKSDAK', 'LLWNGPMAV']
INFO:pyGeoMatchImm.train.train:Starting peptide SPRWYFYYL with 356 test samples and 6340 train samples...
INFO:pyGeoMatchImm.train.train:------------------ SPRWYFYYL ------------------
INFO:pyGeoMatchImm.train.train:Node feature length: 5
INFO:pyGeoMatchImm.train.train:Training on 6340 samples.....
INFO:pyGeoMatchImm.train.train:Validation on 356 samples.....
INFO:pyGeoMatchImm.train.train:Logit mean: -0.20074135065078735, std: 0.6167627573013306
INFO:pyGeoMatchImm.train.train:Epoch 1 / 70 - train_loss: 0.0355 - train_accuracy: 57.2240
INFO:pyGeoMatchImm.train.train:Epoch 1 / 70 - val_loss: 0.0135 - val_acc: 26.4045 - val_avg_precision: 0.3280 - val_auc01: 0.5190
INFO:pyGeoMatchImm.train.train:Logit mean: 0.7885216474533081, std: 1.6642119884490967
INFO:pyGeoMatchImm.train.train:Logit mean: 2.169785499572754, std: 2.2678256034851074
INFO:pyGeoMatchImm.train.train:Logit mean: 1.7464866638183594, std: 0.9757788777351379
INFO:pyGeoMatchImm.train.train:Logit mean: 2.6776247024536133, std: 1.955931305885315
INFO:pyGeoMatchImm.train.train:Logit mean: 1.7987356185913086, std: 0.9390592575073242
INFO:pyGeoMatchImm.train.train:Logit mean: 3.443911552429199, std: 1.4629627466201782
INFO:pyGeoMatchImm.train.train:Logit mean: 2.491621494293213, std: 0.43365082144737244
INFO:pyGeoMatchImm.train.train:Logit mean: 2.4313440322875977, std: 2.0530807971954346
INFO:pyGeoMatchImm.train.train:Logit mean: 2.9479126930236816, std: 2.1397736072540283
INFO:pyGeoMatchImm.train.train:Epoch 10 / 70 - train_loss: 0.0156 - train_accuracy: 25.4259
INFO:pyGeoMatchImm.train.train:Epoch 10 / 70 - val_loss: 0.0004 - val_acc: 25.0000 - val_avg_precision: 0.2419 - val_auc01: 0.4961
INFO:pyGeoMatchImm.train.train:Logit mean: 4.034917831420898, std: 2.909886598587036
INFO:pyGeoMatchImm.train.train:Logit mean: 4.120743751525879, std: 1.1789902448654175
INFO:pyGeoMatchImm.train.train:Logit mean: 4.553918838500977, std: 1.5478557348251343
INFO:pyGeoMatchImm.train.train:Logit mean: 3.8954954147338867, std: 2.081603765487671
INFO:pyGeoMatchImm.train.train:Logit mean: 4.834930419921875, std: 0.8972538113594055
INFO:pyGeoMatchImm.train.train:Logit mean: 4.356202602386475, std: 0.9214895963668823
INFO:pyGeoMatchImm.train.train:Logit mean: 3.7784957885742188, std: 1.708729863166809
INFO:pyGeoMatchImm.train.train:Logit mean: 6.371550559997559, std: 1.3348537683486938
INFO:pyGeoMatchImm.train.train:Logit mean: 4.962333679199219, std: 1.2198591232299805
INFO:pyGeoMatchImm.train.train:Logit mean: 4.996838092803955, std: 1.4806666374206543
INFO:pyGeoMatchImm.train.train:Epoch 20 / 70 - train_loss: 0.0014 - train_accuracy: 25.0631
INFO:pyGeoMatchImm.train.train:Epoch 20 / 70 - val_loss: 0.0001 - val_acc: 25.0000 - val_avg_precision: 0.2408 - val_auc01: 0.4948
INFO:pyGeoMatchImm.train.train:Logit mean: 6.340433597564697, std: 0.7067768573760986
INFO:pyGeoMatchImm.train.train:Logit mean: 5.386504650115967, std: 0.9415188431739807
INFO:pyGeoMatchImm.train.train:Logit mean: 5.250326156616211, std: 0.9614346027374268
INFO:pyGeoMatchImm.train.train:Logit mean: 7.051015377044678, std: 1.1463165283203125
INFO:pyGeoMatchImm.train.train:Logit mean: 6.940848350524902, std: 0.493413507938385
INFO:pyGeoMatchImm.train.train:Logit mean: 4.752842903137207, std: 1.527005672454834
INFO:pyGeoMatchImm.train.train:Logit mean: 6.233456611633301, std: 1.519680142402649
INFO:pyGeoMatchImm.train.train:Logit mean: 4.886153697967529, std: 2.196424961090088
INFO:pyGeoMatchImm.train.train:Logit mean: 4.708073616027832, std: 1.7136573791503906
